<?xml version="1.0" encoding="UTF-8"?>
<testng-results ignored="0" total="1" passed="1" failed="0" skipped="0">
  <reporter-output>
  </reporter-output>
  <suite started-at="2024-03-25T09:26:36 CDT" name="Default suite" finished-at="2024-03-25T09:26:52 CDT" duration-ms="16696">
    <groups>
    </groups>
    <test started-at="2024-03-25T09:26:36 CDT" name="Default test" finished-at="2024-03-25T09:26:52 CDT" duration-ms="16696">
      <class name="Food.Launchpizzahut_Test">
        <test-method signature="Domino()[pri:0, instance:Food.Launchpizzahut_Test@bd4dc25]" started-at="2024-03-25T09:26:36 CDT" name="Domino" finished-at="2024-03-25T09:26:52 CDT" duration-ms="16633" status="PASS">
          <reporter-output>
          </reporter-output>
        </test-method> <!-- Domino -->
      </class> <!-- Food.Launchpizzahut_Test -->
    </test> <!-- Default test -->
  </suite> <!-- Default suite -->
</testng-results>
